------ Clean started: Project: KernelClass2008, Configuration: Debug Any CPU ------
========== Clean: 1 succeeded, 0 failed, 0 skipped ==========

------ Rebuild All started: Project: KernelClass2008, Configuration: Debug Any CPU ------
C:\Windows\Microsoft.NET\Framework\v3.5\Csc.exe /noconfig /nowarn:1701,1702 /errorreport:prompt /warn:4 /define:DEBUG;TRACE /reference:C:\Windows\Microsoft.NET\Framework\v2.0.50727\System.configuration.dll /reference:"C:\Program Files (x86)\Reference Assemblies\Microsoft\Framework\v3.5\System.Core.dll" /reference:"C:\Program Files (x86)\Reference Assemblies\Microsoft\Framework\v3.5\System.Data.DataSetExtensions.dll" /reference:C:\Windows\Microsoft.NET\Framework\v2.0.50727\System.Data.dll /reference:C:\Windows\Microsoft.NET\Framework\v2.0.50727\System.dll /reference:"C:\Program Files (x86)\Reference Assemblies\Microsoft\Framework\v3.5\System.Net.dll" /reference:"C:\Program Files (x86)\Reference Assemblies\Microsoft\Framework\v3.0\System.Runtime.Serialization.dll" /reference:C:\Windows\Microsoft.NET\Framework\v2.0.50727\System.Web.dll /reference:C:\Windows\Microsoft.NET\Framework\v2.0.50727\System.XML.dll /debug+ /debug:full /filealign:512 /optimize- /out:obj\Debug\KernelClass2008.dll /target:library ChineseSpell.cs Cookie.cs DB\CSVHelper.cs DateTime\DateTimeUtil.cs DB\DALHelper.cs DB\DbSqlHelper.cs DB\dtHelper.cs DB\ExcelDatabase.cs DB\SqlHelp.cs DB\SqlHelper.cs Encrypt\Encrypter.cs Encrypt\MD5.cs Enum\StringEnum.cs File\File.cs File\PhysicalFile.cs File\VirtualFile.cs HardCode\HardTableData.cs HtmlPage.cs IReadConfig.cs JScript.cs Mail\MailCommon_V2.cs Mail\EmailAttachment.cs Mail\MailHelper.cs Mail\MailHelper_V2.cs Properties\AssemblyInfo.cs StringHelper.cs CommonHelper.cs DateTime\TimeZoneUtil.cs Validation\CommonValidate.cs Validation\Validator.cs Xml\XmlCOM.cs Xml\XmlDatasetConvert.cs
D:\workspaces\KernelClass2008\DB\dtHelper.cs(141,30): warning CS0168: The variable 'ex' is declared but never used
D:\workspaces\KernelClass2008\Mail\MailHelper.cs(56,13): warning CS0618: 'System.Web.Mail.MailMessage' is obsolete: 'The recommended alternative is System.Net.Mail.MailMessage. http://go.microsoft.com/fwlink/?linkid=14202'
D:\workspaces\KernelClass2008\Mail\MailHelper.cs(56,40): warning CS0618: 'System.Web.Mail.MailMessage' is obsolete: 'The recommended alternative is System.Net.Mail.MailMessage. http://go.microsoft.com/fwlink/?linkid=14202'
D:\workspaces\KernelClass2008\Mail\MailHelper.cs(61,35): warning CS0618: 'System.Web.Mail.MailFormat' is obsolete: 'The recommended alternative is System.Net.Mail.MailMessage.IsBodyHtml. http://go.microsoft.com/fwlink/?linkid=14202'
D:\workspaces\KernelClass2008\Mail\MailHelper.cs(76,17): warning CS0618: 'System.Web.Mail.MailAttachment' is obsolete: 'The recommended alternative is System.Net.Mail.Attachment. http://go.microsoft.com/fwlink/?linkid=14202'
D:\workspaces\KernelClass2008\Mail\MailHelper.cs(82,38): warning CS0618: 'System.Web.Mail.MailAttachment' is obsolete: 'The recommended alternative is System.Net.Mail.Attachment. http://go.microsoft.com/fwlink/?linkid=14202'
D:\workspaces\KernelClass2008\Mail\MailHelper.cs(96,13): warning CS0618: 'System.Web.Mail.SmtpMail' is obsolete: 'The recommended alternative is System.Net.Mail.SmtpClient. http://go.microsoft.com/fwlink/?linkid=14202'
D:\workspaces\KernelClass2008\Mail\MailHelper.cs(115,13): warning CS0618: 'System.Web.Mail.MailMessage' is obsolete: 'The recommended alternative is System.Net.Mail.MailMessage. http://go.microsoft.com/fwlink/?linkid=14202'
D:\workspaces\KernelClass2008\Mail\MailHelper.cs(115,40): warning CS0618: 'System.Web.Mail.MailMessage' is obsolete: 'The recommended alternative is System.Net.Mail.MailMessage. http://go.microsoft.com/fwlink/?linkid=14202'
D:\workspaces\KernelClass2008\Mail\MailHelper.cs(120,35): warning CS0618: 'System.Web.Mail.MailFormat' is obsolete: 'The recommended alternative is System.Net.Mail.MailMessage.IsBodyHtml. http://go.microsoft.com/fwlink/?linkid=14202'
D:\workspaces\KernelClass2008\Mail\MailHelper.cs(140,17): warning CS0618: 'System.Web.Mail.MailAttachment' is obsolete: 'The recommended alternative is System.Net.Mail.Attachment. http://go.microsoft.com/fwlink/?linkid=14202'
D:\workspaces\KernelClass2008\Mail\MailHelper.cs(146,38): warning CS0618: 'System.Web.Mail.MailAttachment' is obsolete: 'The recommended alternative is System.Net.Mail.Attachment. http://go.microsoft.com/fwlink/?linkid=14202'
D:\workspaces\KernelClass2008\Mail\MailHelper.cs(168,13): warning CS0618: 'System.Web.Mail.SmtpMail' is obsolete: 'The recommended alternative is System.Net.Mail.SmtpClient. http://go.microsoft.com/fwlink/?linkid=14202'

Compile complete -- 0 errors, 13 warnings
KernelClass2008 -> D:\workspaces\KernelClass2008\bin\Debug\KernelClass2008.dll
========== Rebuild All: 1 succeeded, 0 failed, 0 skipped ==========

------ Clean started: Project: KernelClass2008, Configuration: Debug Any CPU ------
========== Clean: 1 succeeded, 0 failed, 0 skipped ==========

------ Rebuild All started: Project: KernelClass2008, Configuration: Debug Any CPU ------
C:\Windows\Microsoft.NET\Framework\v3.5\Csc.exe /noconfig /nowarn:1701,1702 /errorreport:prompt /warn:4 /define:DEBUG;TRACE /reference:C:\Windows\Microsoft.NET\Framework\v2.0.50727\System.configuration.dll /reference:"C:\Program Files (x86)\Reference Assemblies\Microsoft\Framework\v3.5\System.Core.dll" /reference:"C:\Program Files (x86)\Reference Assemblies\Microsoft\Framework\v3.5\System.Data.DataSetExtensions.dll" /reference:C:\Windows\Microsoft.NET\Framework\v2.0.50727\System.Data.dll /reference:C:\Windows\Microsoft.NET\Framework\v2.0.50727\System.dll /reference:"C:\Program Files (x86)\Reference Assemblies\Microsoft\Framework\v3.5\System.Net.dll" /reference:"C:\Program Files (x86)\Reference Assemblies\Microsoft\Framework\v3.0\System.Runtime.Serialization.dll" /reference:C:\Windows\Microsoft.NET\Framework\v2.0.50727\System.Web.dll /reference:C:\Windows\Microsoft.NET\Framework\v2.0.50727\System.XML.dll /debug+ /debug:full /filealign:512 /optimize- /out:obj\Debug\KernelClass2008.dll /target:library ChineseSpell.cs Cookie.cs DB\CSVHelper.cs DateTime\DateTimeUtil.cs DB\DALHelper.cs DB\DbSqlHelper.cs DB\dtHelper.cs DB\ExcelDatabase.cs DB\SqlHelp.cs DB\SqlHelper.cs Encrypt\Encrypter.cs Encrypt\MD5.cs Enum\StringEnum.cs File\File.cs File\PhysicalFile.cs File\VirtualFile.cs HardCode\HardTableData.cs HtmlPage.cs IReadConfig.cs JScript.cs Mail\MailCommon_V2.cs Mail\EmailAttachment.cs Mail\MailHelper.cs Mail\MailHelper_V2.cs Properties\AssemblyInfo.cs StringHelper.cs CommonHelper.cs DateTime\TimeZoneUtil.cs Validation\CommonValidate.cs Validation\Validator.cs Xml\XmlCOM.cs Xml\XmlDatasetConvert.cs
D:\workspaces\KernelClass2008\DB\DALHelper.cs(51,14): error CS0117: 'string' does not contain a definition for 'IsNullorEmpty'
D:\workspaces\KernelClass2008\DB\dtHelper.cs(141,30): warning CS0168: The variable 'ex' is declared but never used
D:\workspaces\KernelClass2008\Mail\MailHelper.cs(56,13): warning CS0618: 'System.Web.Mail.MailMessage' is obsolete: 'The recommended alternative is System.Net.Mail.MailMessage. http://go.microsoft.com/fwlink/?linkid=14202'
D:\workspaces\KernelClass2008\Mail\MailHelper.cs(56,40): warning CS0618: 'System.Web.Mail.MailMessage' is obsolete: 'The recommended alternative is System.Net.Mail.MailMessage. http://go.microsoft.com/fwlink/?linkid=14202'
D:\workspaces\KernelClass2008\Mail\MailHelper.cs(61,35): warning CS0618: 'System.Web.Mail.MailFormat' is obsolete: 'The recommended alternative is System.Net.Mail.MailMessage.IsBodyHtml. http://go.microsoft.com/fwlink/?linkid=14202'
D:\workspaces\KernelClass2008\Mail\MailHelper.cs(76,17): warning CS0618: 'System.Web.Mail.MailAttachment' is obsolete: 'The recommended alternative is System.Net.Mail.Attachment. http://go.microsoft.com/fwlink/?linkid=14202'
D:\workspaces\KernelClass2008\Mail\MailHelper.cs(82,38): warning CS0618: 'System.Web.Mail.MailAttachment' is obsolete: 'The recommended alternative is System.Net.Mail.Attachment. http://go.microsoft.com/fwlink/?linkid=14202'
D:\workspaces\KernelClass2008\Mail\MailHelper.cs(96,13): warning CS0618: 'System.Web.Mail.SmtpMail' is obsolete: 'The recommended alternative is System.Net.Mail.SmtpClient. http://go.microsoft.com/fwlink/?linkid=14202'
D:\workspaces\KernelClass2008\Mail\MailHelper.cs(115,13): warning CS0618: 'System.Web.Mail.MailMessage' is obsolete: 'The recommended alternative is System.Net.Mail.MailMessage. http://go.microsoft.com/fwlink/?linkid=14202'
D:\workspaces\KernelClass2008\Mail\MailHelper.cs(115,40): warning CS0618: 'System.Web.Mail.MailMessage' is obsolete: 'The recommended alternative is System.Net.Mail.MailMessage. http://go.microsoft.com/fwlink/?linkid=14202'
D:\workspaces\KernelClass2008\Mail\MailHelper.cs(120,35): warning CS0618: 'System.Web.Mail.MailFormat' is obsolete: 'The recommended alternative is System.Net.Mail.MailMessage.IsBodyHtml. http://go.microsoft.com/fwlink/?linkid=14202'
D:\workspaces\KernelClass2008\Mail\MailHelper.cs(140,17): warning CS0618: 'System.Web.Mail.MailAttachment' is obsolete: 'The recommended alternative is System.Net.Mail.Attachment. http://go.microsoft.com/fwlink/?linkid=14202'
D:\workspaces\KernelClass2008\Mail\MailHelper.cs(146,38): warning CS0618: 'System.Web.Mail.MailAttachment' is obsolete: 'The recommended alternative is System.Net.Mail.Attachment. http://go.microsoft.com/fwlink/?linkid=14202'
D:\workspaces\KernelClass2008\Mail\MailHelper.cs(168,13): warning CS0618: 'System.Web.Mail.SmtpMail' is obsolete: 'The recommended alternative is System.Net.Mail.SmtpClient. http://go.microsoft.com/fwlink/?linkid=14202'

Compile complete -- 1 errors, 13 warnings
========== Rebuild All: 0 succeeded, 1 failed, 0 skipped ==========

------ Clean started: Project: KernelClass2008, Configuration: Debug Any CPU ------
========== Clean: 1 succeeded, 0 failed, 0 skipped ==========

------ Rebuild All started: Project: KernelClass2008, Configuration: Debug Any CPU ------
C:\Windows\Microsoft.NET\Framework\v3.5\Csc.exe /noconfig /nowarn:1701,1702 /errorreport:prompt /warn:4 /define:DEBUG;TRACE /reference:C:\Windows\Microsoft.NET\Framework\v2.0.50727\System.configuration.dll /reference:"C:\Program Files (x86)\Reference Assemblies\Microsoft\Framework\v3.5\System.Core.dll" /reference:"C:\Program Files (x86)\Reference Assemblies\Microsoft\Framework\v3.5\System.Data.DataSetExtensions.dll" /reference:C:\Windows\Microsoft.NET\Framework\v2.0.50727\System.Data.dll /reference:C:\Windows\Microsoft.NET\Framework\v2.0.50727\System.dll /reference:"C:\Program Files (x86)\Reference Assemblies\Microsoft\Framework\v3.5\System.Net.dll" /reference:"C:\Program Files (x86)\Reference Assemblies\Microsoft\Framework\v3.0\System.Runtime.Serialization.dll" /reference:C:\Windows\Microsoft.NET\Framework\v2.0.50727\System.Web.dll /reference:C:\Windows\Microsoft.NET\Framework\v2.0.50727\System.XML.dll /debug+ /debug:full /filealign:512 /optimize- /out:obj\Debug\KernelClass2008.dll /target:library ChineseSpell.cs Cookie.cs DB\CSVHelper.cs DateTime\DateTimeUtil.cs DB\DALHelper.cs DB\DbSqlHelper.cs DB\dtHelper.cs DB\ExcelDatabase.cs DB\SqlHelp.cs DB\SqlHelper.cs Encrypt\Encrypter.cs Encrypt\MD5.cs Enum\StringEnum.cs File\File.cs File\PhysicalFile.cs File\VirtualFile.cs HardCode\HardTableData.cs HtmlPage.cs IReadConfig.cs JScript.cs Mail\MailCommon_V2.cs Mail\EmailAttachment.cs Mail\MailHelper.cs Mail\MailHelper_V2.cs Properties\AssemblyInfo.cs StringHelper.cs CommonHelper.cs DateTime\TimeZoneUtil.cs Validation\CommonValidate.cs Validation\Validator.cs Xml\XmlCOM.cs Xml\XmlDatasetConvert.cs
D:\workspaces\KernelClass2008\DB\dtHelper.cs(141,30): warning CS0168: The variable 'ex' is declared but never used
D:\workspaces\KernelClass2008\Mail\MailHelper.cs(56,13): warning CS0618: 'System.Web.Mail.MailMessage' is obsolete: 'The recommended alternative is System.Net.Mail.MailMessage. http://go.microsoft.com/fwlink/?linkid=14202'
D:\workspaces\KernelClass2008\Mail\MailHelper.cs(56,40): warning CS0618: 'System.Web.Mail.MailMessage' is obsolete: 'The recommended alternative is System.Net.Mail.MailMessage. http://go.microsoft.com/fwlink/?linkid=14202'
D:\workspaces\KernelClass2008\Mail\MailHelper.cs(61,35): warning CS0618: 'System.Web.Mail.MailFormat' is obsolete: 'The recommended alternative is System.Net.Mail.MailMessage.IsBodyHtml. http://go.microsoft.com/fwlink/?linkid=14202'
D:\workspaces\KernelClass2008\Mail\MailHelper.cs(76,17): warning CS0618: 'System.Web.Mail.MailAttachment' is obsolete: 'The recommended alternative is System.Net.Mail.Attachment. http://go.microsoft.com/fwlink/?linkid=14202'
D:\workspaces\KernelClass2008\Mail\MailHelper.cs(82,38): warning CS0618: 'System.Web.Mail.MailAttachment' is obsolete: 'The recommended alternative is System.Net.Mail.Attachment. http://go.microsoft.com/fwlink/?linkid=14202'
D:\workspaces\KernelClass2008\Mail\MailHelper.cs(96,13): warning CS0618: 'System.Web.Mail.SmtpMail' is obsolete: 'The recommended alternative is System.Net.Mail.SmtpClient. http://go.microsoft.com/fwlink/?linkid=14202'
D:\workspaces\KernelClass2008\Mail\MailHelper.cs(115,13): warning CS0618: 'System.Web.Mail.MailMessage' is obsolete: 'The recommended alternative is System.Net.Mail.MailMessage. http://go.microsoft.com/fwlink/?linkid=14202'
D:\workspaces\KernelClass2008\Mail\MailHelper.cs(115,40): warning CS0618: 'System.Web.Mail.MailMessage' is obsolete: 'The recommended alternative is System.Net.Mail.MailMessage. http://go.microsoft.com/fwlink/?linkid=14202'
D:\workspaces\KernelClass2008\Mail\MailHelper.cs(120,35): warning CS0618: 'System.Web.Mail.MailFormat' is obsolete: 'The recommended alternative is System.Net.Mail.MailMessage.IsBodyHtml. http://go.microsoft.com/fwlink/?linkid=14202'
D:\workspaces\KernelClass2008\Mail\MailHelper.cs(140,17): warning CS0618: 'System.Web.Mail.MailAttachment' is obsolete: 'The recommended alternative is System.Net.Mail.Attachment. http://go.microsoft.com/fwlink/?linkid=14202'
D:\workspaces\KernelClass2008\Mail\MailHelper.cs(146,38): warning CS0618: 'System.Web.Mail.MailAttachment' is obsolete: 'The recommended alternative is System.Net.Mail.Attachment. http://go.microsoft.com/fwlink/?linkid=14202'
D:\workspaces\KernelClass2008\Mail\MailHelper.cs(168,13): warning CS0618: 'System.Web.Mail.SmtpMail' is obsolete: 'The recommended alternative is System.Net.Mail.SmtpClient. http://go.microsoft.com/fwlink/?linkid=14202'

Compile complete -- 0 errors, 13 warnings
KernelClass2008 -> D:\workspaces\KernelClass2008\bin\Debug\KernelClass2008.dll
========== Rebuild All: 1 succeeded, 0 failed, 0 skipped ==========

------ Clean started: Project: KernelClass2008, Configuration: Debug Any CPU ------
========== Clean: 1 succeeded, 0 failed, 0 skipped ==========

------ Rebuild All started: Project: KernelClass2008, Configuration: Debug Any CPU ------
C:\Windows\Microsoft.NET\Framework\v3.5\Csc.exe /noconfig /nowarn:1701,1702 /errorreport:prompt /warn:4 /define:DEBUG;TRACE /reference:C:\Windows\Microsoft.NET\Framework\v2.0.50727\System.configuration.dll /reference:"C:\Program Files (x86)\Reference Assemblies\Microsoft\Framework\v3.5\System.Core.dll" /reference:"C:\Program Files (x86)\Reference Assemblies\Microsoft\Framework\v3.5\System.Data.DataSetExtensions.dll" /reference:C:\Windows\Microsoft.NET\Framework\v2.0.50727\System.Data.dll /reference:C:\Windows\Microsoft.NET\Framework\v2.0.50727\System.dll /reference:"C:\Program Files (x86)\Reference Assemblies\Microsoft\Framework\v3.5\System.Net.dll" /reference:"C:\Program Files (x86)\Reference Assemblies\Microsoft\Framework\v3.0\System.Runtime.Serialization.dll" /reference:C:\Windows\Microsoft.NET\Framework\v2.0.50727\System.Web.dll /reference:C:\Windows\Microsoft.NET\Framework\v2.0.50727\System.XML.dll /debug+ /debug:full /filealign:512 /optimize- /out:obj\Debug\KernelClass2008.dll /target:library ChineseSpell.cs Cookie.cs DB\CSVHelper.cs DateTime\DateTimeUtil.cs DB\DALHelper.cs DB\DbSqlHelper.cs DB\dtHelper.cs DB\ExcelDatabase.cs DB\SqlHelp.cs DB\SqlHelper.cs Encrypt\Encrypter.cs Encrypt\MD5.cs Enum\StringEnum.cs File\File.cs File\PhysicalFile.cs File\VirtualFile.cs HardCode\HardTableData.cs HtmlPage.cs IReadConfig.cs JScript.cs Mail\MailCommon_V2.cs Mail\EmailAttachment.cs Mail\MailHelper.cs Mail\MailHelper_V2.cs Properties\AssemblyInfo.cs StringHelper.cs CommonHelper.cs DateTime\TimeZoneUtil.cs Validation\CommonValidate.cs Validation\Validator.cs Xml\XmlCOM.cs Xml\XmlDatasetConvert.cs
D:\workspaces\KernelClass2008\DB\dtHelper.cs(141,30): warning CS0168: The variable 'ex' is declared but never used
D:\workspaces\KernelClass2008\Mail\MailHelper.cs(56,13): warning CS0618: 'System.Web.Mail.MailMessage' is obsolete: 'The recommended alternative is System.Net.Mail.MailMessage. http://go.microsoft.com/fwlink/?linkid=14202'
D:\workspaces\KernelClass2008\Mail\MailHelper.cs(56,40): warning CS0618: 'System.Web.Mail.MailMessage' is obsolete: 'The recommended alternative is System.Net.Mail.MailMessage. http://go.microsoft.com/fwlink/?linkid=14202'
D:\workspaces\KernelClass2008\Mail\MailHelper.cs(61,35): warning CS0618: 'System.Web.Mail.MailFormat' is obsolete: 'The recommended alternative is System.Net.Mail.MailMessage.IsBodyHtml. http://go.microsoft.com/fwlink/?linkid=14202'
D:\workspaces\KernelClass2008\Mail\MailHelper.cs(76,17): warning CS0618: 'System.Web.Mail.MailAttachment' is obsolete: 'The recommended alternative is System.Net.Mail.Attachment. http://go.microsoft.com/fwlink/?linkid=14202'
D:\workspaces\KernelClass2008\Mail\MailHelper.cs(82,38): warning CS0618: 'System.Web.Mail.MailAttachment' is obsolete: 'The recommended alternative is System.Net.Mail.Attachment. http://go.microsoft.com/fwlink/?linkid=14202'
D:\workspaces\KernelClass2008\Mail\MailHelper.cs(96,13): warning CS0618: 'System.Web.Mail.SmtpMail' is obsolete: 'The recommended alternative is System.Net.Mail.SmtpClient. http://go.microsoft.com/fwlink/?linkid=14202'
D:\workspaces\KernelClass2008\Mail\MailHelper.cs(115,13): warning CS0618: 'System.Web.Mail.MailMessage' is obsolete: 'The recommended alternative is System.Net.Mail.MailMessage. http://go.microsoft.com/fwlink/?linkid=14202'
D:\workspaces\KernelClass2008\Mail\MailHelper.cs(115,40): warning CS0618: 'System.Web.Mail.MailMessage' is obsolete: 'The recommended alternative is System.Net.Mail.MailMessage. http://go.microsoft.com/fwlink/?linkid=14202'
D:\workspaces\KernelClass2008\Mail\MailHelper.cs(120,35): warning CS0618: 'System.Web.Mail.MailFormat' is obsolete: 'The recommended alternative is System.Net.Mail.MailMessage.IsBodyHtml. http://go.microsoft.com/fwlink/?linkid=14202'
D:\workspaces\KernelClass2008\Mail\MailHelper.cs(140,17): warning CS0618: 'System.Web.Mail.MailAttachment' is obsolete: 'The recommended alternative is System.Net.Mail.Attachment. http://go.microsoft.com/fwlink/?linkid=14202'
D:\workspaces\KernelClass2008\Mail\MailHelper.cs(146,38): warning CS0618: 'System.Web.Mail.MailAttachment' is obsolete: 'The recommended alternative is System.Net.Mail.Attachment. http://go.microsoft.com/fwlink/?linkid=14202'
D:\workspaces\KernelClass2008\Mail\MailHelper.cs(168,13): warning CS0618: 'System.Web.Mail.SmtpMail' is obsolete: 'The recommended alternative is System.Net.Mail.SmtpClient. http://go.microsoft.com/fwlink/?linkid=14202'

Compile complete -- 0 errors, 13 warnings
KernelClass2008 -> D:\workspaces\KernelClass2008\bin\Debug\KernelClass2008.dll
========== Rebuild All: 1 succeeded, 0 failed, 0 skipped ==========

------ Clean started: Project: KernelClass2008, Configuration: Debug Any CPU ------
========== Clean: 1 succeeded, 0 failed, 0 skipped ==========

------ Rebuild All started: Project: KernelClass2008, Configuration: Debug Any CPU ------
C:\Windows\Microsoft.NET\Framework\v3.5\Csc.exe /noconfig /nowarn:1701,1702 /errorreport:prompt /warn:4 /define:DEBUG;TRACE /reference:C:\Windows\Microsoft.NET\Framework\v2.0.50727\System.configuration.dll /reference:"C:\Program Files (x86)\Reference Assemblies\Microsoft\Framework\v3.5\System.Core.dll" /reference:"C:\Program Files (x86)\Reference Assemblies\Microsoft\Framework\v3.5\System.Data.DataSetExtensions.dll" /reference:C:\Windows\Microsoft.NET\Framework\v2.0.50727\System.Data.dll /reference:C:\Windows\Microsoft.NET\Framework\v2.0.50727\System.dll /reference:"C:\Program Files (x86)\Reference Assemblies\Microsoft\Framework\v3.5\System.Net.dll" /reference:"C:\Program Files (x86)\Reference Assemblies\Microsoft\Framework\v3.0\System.Runtime.Serialization.dll" /reference:C:\Windows\Microsoft.NET\Framework\v2.0.50727\System.Web.dll /reference:C:\Windows\Microsoft.NET\Framework\v2.0.50727\System.XML.dll /debug+ /debug:full /filealign:512 /optimize- /out:obj\Debug\KernelClass2008.dll /target:library ChineseSpell.cs Cookie.cs DB\CSVHelper.cs DateTime\DateTimeUtil.cs DB\DALHelper.cs DB\DbSqlHelper.cs DB\dtHelper.cs DB\ExcelDatabase.cs DB\SqlHelp.cs DB\SqlHelper.cs Encrypt\Encrypter.cs Encrypt\MD5.cs Enum\StringEnum.cs File\File.cs File\PhysicalFile.cs File\VirtualFile.cs HardCode\HardTableData.cs HtmlPage.cs IReadConfig.cs JScript.cs Mail\MailCommon_V2.cs Mail\EmailAttachment.cs Mail\MailHelper.cs Mail\MailHelper_V2.cs Properties\AssemblyInfo.cs StringHelper.cs CommonHelper.cs DateTime\TimeZoneUtil.cs Validation\CommonValidate.cs Validation\Validator.cs Xml\XmlCOM.cs Xml\XmlDatasetConvert.cs
D:\workspaces\KernelClass2008\DB\SqlHelper.cs(48,35): error CS0103: The name 'GetFactory' does not exist in the current context
D:\workspaces\KernelClass2008\DB\dtHelper.cs(141,30): warning CS0168: The variable 'ex' is declared but never used
D:\workspaces\KernelClass2008\Mail\MailHelper.cs(56,13): warning CS0618: 'System.Web.Mail.MailMessage' is obsolete: 'The recommended alternative is System.Net.Mail.MailMessage. http://go.microsoft.com/fwlink/?linkid=14202'
D:\workspaces\KernelClass2008\Mail\MailHelper.cs(56,40): warning CS0618: 'System.Web.Mail.MailMessage' is obsolete: 'The recommended alternative is System.Net.Mail.MailMessage. http://go.microsoft.com/fwlink/?linkid=14202'
D:\workspaces\KernelClass2008\Mail\MailHelper.cs(61,35): warning CS0618: 'System.Web.Mail.MailFormat' is obsolete: 'The recommended alternative is System.Net.Mail.MailMessage.IsBodyHtml. http://go.microsoft.com/fwlink/?linkid=14202'
D:\workspaces\KernelClass2008\Mail\MailHelper.cs(76,17): warning CS0618: 'System.Web.Mail.MailAttachment' is obsolete: 'The recommended alternative is System.Net.Mail.Attachment. http://go.microsoft.com/fwlink/?linkid=14202'
D:\workspaces\KernelClass2008\Mail\MailHelper.cs(82,38): warning CS0618: 'System.Web.Mail.MailAttachment' is obsolete: 'The recommended alternative is System.Net.Mail.Attachment. http://go.microsoft.com/fwlink/?linkid=14202'
D:\workspaces\KernelClass2008\Mail\MailHelper.cs(96,13): warning CS0618: 'System.Web.Mail.SmtpMail' is obsolete: 'The recommended alternative is System.Net.Mail.SmtpClient. http://go.microsoft.com/fwlink/?linkid=14202'
D:\workspaces\KernelClass2008\Mail\MailHelper.cs(115,13): warning CS0618: 'System.Web.Mail.MailMessage' is obsolete: 'The recommended alternative is System.Net.Mail.MailMessage. http://go.microsoft.com/fwlink/?linkid=14202'
D:\workspaces\KernelClass2008\Mail\MailHelper.cs(115,40): warning CS0618: 'System.Web.Mail.MailMessage' is obsolete: 'The recommended alternative is System.Net.Mail.MailMessage. http://go.microsoft.com/fwlink/?linkid=14202'
D:\workspaces\KernelClass2008\Mail\MailHelper.cs(120,35): warning CS0618: 'System.Web.Mail.MailFormat' is obsolete: 'The recommended alternative is System.Net.Mail.MailMessage.IsBodyHtml. http://go.microsoft.com/fwlink/?linkid=14202'
D:\workspaces\KernelClass2008\Mail\MailHelper.cs(140,17): warning CS0618: 'System.Web.Mail.MailAttachment' is obsolete: 'The recommended alternative is System.Net.Mail.Attachment. http://go.microsoft.com/fwlink/?linkid=14202'
D:\workspaces\KernelClass2008\Mail\MailHelper.cs(146,38): warning CS0618: 'System.Web.Mail.MailAttachment' is obsolete: 'The recommended alternative is System.Net.Mail.Attachment. http://go.microsoft.com/fwlink/?linkid=14202'
D:\workspaces\KernelClass2008\Mail\MailHelper.cs(168,13): warning CS0618: 'System.Web.Mail.SmtpMail' is obsolete: 'The recommended alternative is System.Net.Mail.SmtpClient. http://go.microsoft.com/fwlink/?linkid=14202'

Compile complete -- 1 errors, 13 warnings
========== Rebuild All: 0 succeeded, 1 failed, 0 skipped ==========

------ Clean started: Project: KernelClass2008, Configuration: Debug Any CPU ------
========== Clean: 1 succeeded, 0 failed, 0 skipped ==========

------ Rebuild All started: Project: KernelClass2008, Configuration: Debug Any CPU ------
C:\Windows\Microsoft.NET\Framework\v3.5\Csc.exe /noconfig /nowarn:1701,1702 /errorreport:prompt /warn:4 /define:DEBUG;TRACE /reference:C:\Windows\Microsoft.NET\Framework\v2.0.50727\System.configuration.dll /reference:"C:\Program Files (x86)\Reference Assemblies\Microsoft\Framework\v3.5\System.Core.dll" /reference:"C:\Program Files (x86)\Reference Assemblies\Microsoft\Framework\v3.5\System.Data.DataSetExtensions.dll" /reference:C:\Windows\Microsoft.NET\Framework\v2.0.50727\System.Data.dll /reference:C:\Windows\Microsoft.NET\Framework\v2.0.50727\System.dll /reference:"C:\Program Files (x86)\Reference Assemblies\Microsoft\Framework\v3.5\System.Net.dll" /reference:"C:\Program Files (x86)\Reference Assemblies\Microsoft\Framework\v3.0\System.Runtime.Serialization.dll" /reference:C:\Windows\Microsoft.NET\Framework\v2.0.50727\System.Web.dll /reference:C:\Windows\Microsoft.NET\Framework\v2.0.50727\System.XML.dll /debug+ /debug:full /filealign:512 /optimize- /out:obj\Debug\KernelClass2008.dll /target:library ChineseSpell.cs Cookie.cs DB\CSVHelper.cs DateTime\DateTimeUtil.cs DB\DALHelper.cs DB\DbSqlHelper.cs DB\dtHelper.cs DB\ExcelDatabase.cs DB\SqlHelp.cs DB\SqlHelper.cs Encrypt\Encrypter.cs Encrypt\MD5.cs Enum\StringEnum.cs File\File.cs File\PhysicalFile.cs File\VirtualFile.cs HardCode\HardTableData.cs HtmlPage.cs IReadConfig.cs JScript.cs Mail\MailCommon_V2.cs Mail\EmailAttachment.cs Mail\MailHelper.cs Mail\MailHelper_V2.cs Properties\AssemblyInfo.cs StringHelper.cs CommonHelper.cs DateTime\TimeZoneUtil.cs Validation\CommonValidate.cs Validation\Validator.cs Xml\XmlCOM.cs Xml\XmlDatasetConvert.cs
D:\workspaces\KernelClass2008\DB\SqlHelper.cs(45,51): error CS0120: An object reference is required for the non-static field, method, or property 'KernelClass.SqlHelper.ProvideName.get'
D:\workspaces\KernelClass2008\DB\SqlHelper.cs(23,13): (Related location)
D:\workspaces\KernelClass2008\DB\dtHelper.cs(141,30): warning CS0168: The variable 'ex' is declared but never used
D:\workspaces\KernelClass2008\Mail\MailHelper.cs(56,13): warning CS0618: 'System.Web.Mail.MailMessage' is obsolete: 'The recommended alternative is System.Net.Mail.MailMessage. http://go.microsoft.com/fwlink/?linkid=14202'
D:\workspaces\KernelClass2008\Mail\MailHelper.cs(56,40): warning CS0618: 'System.Web.Mail.MailMessage' is obsolete: 'The recommended alternative is System.Net.Mail.MailMessage. http://go.microsoft.com/fwlink/?linkid=14202'
D:\workspaces\KernelClass2008\Mail\MailHelper.cs(61,35): warning CS0618: 'System.Web.Mail.MailFormat' is obsolete: 'The recommended alternative is System.Net.Mail.MailMessage.IsBodyHtml. http://go.microsoft.com/fwlink/?linkid=14202'
D:\workspaces\KernelClass2008\Mail\MailHelper.cs(76,17): warning CS0618: 'System.Web.Mail.MailAttachment' is obsolete: 'The recommended alternative is System.Net.Mail.Attachment. http://go.microsoft.com/fwlink/?linkid=14202'
D:\workspaces\KernelClass2008\Mail\MailHelper.cs(82,38): warning CS0618: 'System.Web.Mail.MailAttachment' is obsolete: 'The recommended alternative is System.Net.Mail.Attachment. http://go.microsoft.com/fwlink/?linkid=14202'
D:\workspaces\KernelClass2008\Mail\MailHelper.cs(96,13): warning CS0618: 'System.Web.Mail.SmtpMail' is obsolete: 'The recommended alternative is System.Net.Mail.SmtpClient. http://go.microsoft.com/fwlink/?linkid=14202'
D:\workspaces\KernelClass2008\Mail\MailHelper.cs(115,13): warning CS0618: 'System.Web.Mail.MailMessage' is obsolete: 'The recommended alternative is System.Net.Mail.MailMessage. http://go.microsoft.com/fwlink/?linkid=14202'
D:\workspaces\KernelClass2008\Mail\MailHelper.cs(115,40): warning CS0618: 'System.Web.Mail.MailMessage' is obsolete: 'The recommended alternative is System.Net.Mail.MailMessage. http://go.microsoft.com/fwlink/?linkid=14202'
D:\workspaces\KernelClass2008\Mail\MailHelper.cs(120,35): warning CS0618: 'System.Web.Mail.MailFormat' is obsolete: 'The recommended alternative is System.Net.Mail.MailMessage.IsBodyHtml. http://go.microsoft.com/fwlink/?linkid=14202'
D:\workspaces\KernelClass2008\Mail\MailHelper.cs(140,17): warning CS0618: 'System.Web.Mail.MailAttachment' is obsolete: 'The recommended alternative is System.Net.Mail.Attachment. http://go.microsoft.com/fwlink/?linkid=14202'
D:\workspaces\KernelClass2008\Mail\MailHelper.cs(146,38): warning CS0618: 'System.Web.Mail.MailAttachment' is obsolete: 'The recommended alternative is System.Net.Mail.Attachment. http://go.microsoft.com/fwlink/?linkid=14202'
D:\workspaces\KernelClass2008\Mail\MailHelper.cs(168,13): warning CS0618: 'System.Web.Mail.SmtpMail' is obsolete: 'The recommended alternative is System.Net.Mail.SmtpClient. http://go.microsoft.com/fwlink/?linkid=14202'

Compile complete -- 1 errors, 13 warnings
========== Rebuild All: 0 succeeded, 1 failed, 0 skipped ==========

------ Clean started: Project: KernelClass2008, Configuration: Debug Any CPU ------
========== Clean: 1 succeeded, 0 failed, 0 skipped ==========

------ Rebuild All started: Project: KernelClass2008, Configuration: Debug Any CPU ------
C:\Windows\Microsoft.NET\Framework\v3.5\Csc.exe /noconfig /nowarn:1701,1702 /errorreport:prompt /warn:4 /define:DEBUG;TRACE /reference:C:\Windows\Microsoft.NET\Framework\v2.0.50727\System.configuration.dll /reference:"C:\Program Files (x86)\Reference Assemblies\Microsoft\Framework\v3.5\System.Core.dll" /reference:"C:\Program Files (x86)\Reference Assemblies\Microsoft\Framework\v3.5\System.Data.DataSetExtensions.dll" /reference:C:\Windows\Microsoft.NET\Framework\v2.0.50727\System.Data.dll /reference:C:\Windows\Microsoft.NET\Framework\v2.0.50727\System.dll /reference:"C:\Program Files (x86)\Reference Assemblies\Microsoft\Framework\v3.5\System.Net.dll" /reference:"C:\Program Files (x86)\Reference Assemblies\Microsoft\Framework\v3.0\System.Runtime.Serialization.dll" /reference:C:\Windows\Microsoft.NET\Framework\v2.0.50727\System.Web.dll /reference:C:\Windows\Microsoft.NET\Framework\v2.0.50727\System.XML.dll /debug+ /debug:full /filealign:512 /optimize- /out:obj\Debug\KernelClass2008.dll /target:library ChineseSpell.cs Cookie.cs DB\CSVHelper.cs DateTime\DateTimeUtil.cs DB\DALHelper.cs DB\DbSqlHelper.cs DB\dtHelper.cs DB\ExcelDatabase.cs DB\SqlHelp.cs DB\SqlHelper.cs Encrypt\Encrypter.cs Encrypt\MD5.cs Enum\StringEnum.cs File\File.cs File\PhysicalFile.cs File\VirtualFile.cs HardCode\HardTableData.cs HtmlPage.cs IReadConfig.cs JScript.cs Mail\MailCommon_V2.cs Mail\EmailAttachment.cs Mail\MailHelper.cs Mail\MailHelper_V2.cs Properties\AssemblyInfo.cs StringHelper.cs CommonHelper.cs DateTime\TimeZoneUtil.cs Validation\CommonValidate.cs Validation\Validator.cs Xml\XmlCOM.cs Xml\XmlDatasetConvert.cs
D:\workspaces\KernelClass2008\DB\DALHelper.cs(51,29): error CS0103: The name 'ProviderType' does not exist in the current context
D:\workspaces\KernelClass2008\DB\SqlHelper.cs(45,51): error CS0120: An object reference is required for the non-static field, method, or property 'KernelClass.SqlHelper._provideName'
D:\workspaces\KernelClass2008\DB\SqlHelper.cs(17,24): (Related location)
D:\workspaces\KernelClass2008\DB\dtHelper.cs(141,30): warning CS0168: The variable 'ex' is declared but never used
D:\workspaces\KernelClass2008\Mail\MailHelper.cs(56,13): warning CS0618: 'System.Web.Mail.MailMessage' is obsolete: 'The recommended alternative is System.Net.Mail.MailMessage. http://go.microsoft.com/fwlink/?linkid=14202'
D:\workspaces\KernelClass2008\Mail\MailHelper.cs(56,40): warning CS0618: 'System.Web.Mail.MailMessage' is obsolete: 'The recommended alternative is System.Net.Mail.MailMessage. http://go.microsoft.com/fwlink/?linkid=14202'
D:\workspaces\KernelClass2008\Mail\MailHelper.cs(61,35): warning CS0618: 'System.Web.Mail.MailFormat' is obsolete: 'The recommended alternative is System.Net.Mail.MailMessage.IsBodyHtml. http://go.microsoft.com/fwlink/?linkid=14202'
D:\workspaces\KernelClass2008\Mail\MailHelper.cs(76,17): warning CS0618: 'System.Web.Mail.MailAttachment' is obsolete: 'The recommended alternative is System.Net.Mail.Attachment. http://go.microsoft.com/fwlink/?linkid=14202'
D:\workspaces\KernelClass2008\Mail\MailHelper.cs(82,38): warning CS0618: 'System.Web.Mail.MailAttachment' is obsolete: 'The recommended alternative is System.Net.Mail.Attachment. http://go.microsoft.com/fwlink/?linkid=14202'
D:\workspaces\KernelClass2008\Mail\MailHelper.cs(96,13): warning CS0618: 'System.Web.Mail.SmtpMail' is obsolete: 'The recommended alternative is System.Net.Mail.SmtpClient. http://go.microsoft.com/fwlink/?linkid=14202'
D:\workspaces\KernelClass2008\Mail\MailHelper.cs(115,13): warning CS0618: 'System.Web.Mail.MailMessage' is obsolete: 'The recommended alternative is System.Net.Mail.MailMessage. http://go.microsoft.com/fwlink/?linkid=14202'
D:\workspaces\KernelClass2008\Mail\MailHelper.cs(115,40): warning CS0618: 'System.Web.Mail.MailMessage' is obsolete: 'The recommended alternative is System.Net.Mail.MailMessage. http://go.microsoft.com/fwlink/?linkid=14202'
D:\workspaces\KernelClass2008\Mail\MailHelper.cs(120,35): warning CS0618: 'System.Web.Mail.MailFormat' is obsolete: 'The recommended alternative is System.Net.Mail.MailMessage.IsBodyHtml. http://go.microsoft.com/fwlink/?linkid=14202'
D:\workspaces\KernelClass2008\Mail\MailHelper.cs(140,17): warning CS0618: 'System.Web.Mail.MailAttachment' is obsolete: 'The recommended alternative is System.Net.Mail.Attachment. http://go.microsoft.com/fwlink/?linkid=14202'
D:\workspaces\KernelClass2008\Mail\MailHelper.cs(146,38): warning CS0618: 'System.Web.Mail.MailAttachment' is obsolete: 'The recommended alternative is System.Net.Mail.Attachment. http://go.microsoft.com/fwlink/?linkid=14202'
D:\workspaces\KernelClass2008\Mail\MailHelper.cs(168,13): warning CS0618: 'System.Web.Mail.SmtpMail' is obsolete: 'The recommended alternative is System.Net.Mail.SmtpClient. http://go.microsoft.com/fwlink/?linkid=14202'

Compile complete -- 2 errors, 13 warnings
========== Rebuild All: 0 succeeded, 1 failed, 0 skipped ==========

------ Clean started: Project: KernelClass2008, Configuration: Debug Any CPU ------
========== Clean: 1 succeeded, 0 failed, 0 skipped ==========

------ Rebuild All started: Project: KernelClass2008, Configuration: Debug Any CPU ------
C:\Windows\Microsoft.NET\Framework\v3.5\Csc.exe /noconfig /nowarn:1701,1702 /errorreport:prompt /warn:4 /define:DEBUG;TRACE /reference:C:\Windows\Microsoft.NET\Framework\v2.0.50727\System.configuration.dll /reference:"C:\Program Files (x86)\Reference Assemblies\Microsoft\Framework\v3.5\System.Core.dll" /reference:"C:\Program Files (x86)\Reference Assemblies\Microsoft\Framework\v3.5\System.Data.DataSetExtensions.dll" /reference:C:\Windows\Microsoft.NET\Framework\v2.0.50727\System.Data.dll /reference:C:\Windows\Microsoft.NET\Framework\v2.0.50727\System.dll /reference:"C:\Program Files (x86)\Reference Assemblies\Microsoft\Framework\v3.5\System.Net.dll" /reference:"C:\Program Files (x86)\Reference Assemblies\Microsoft\Framework\v3.0\System.Runtime.Serialization.dll" /reference:C:\Windows\Microsoft.NET\Framework\v2.0.50727\System.Web.dll /reference:C:\Windows\Microsoft.NET\Framework\v2.0.50727\System.XML.dll /debug+ /debug:full /filealign:512 /optimize- /out:obj\Debug\KernelClass2008.dll /target:library ChineseSpell.cs Cookie.cs DB\CSVHelper.cs DateTime\DateTimeUtil.cs DB\DALHelper.cs DB\DbSqlHelper.cs DB\dtHelper.cs DB\ExcelDatabase.cs DB\SqlHelp.cs DB\SqlHelper.cs Encrypt\Encrypter.cs Encrypt\MD5.cs Enum\StringEnum.cs File\File.cs File\PhysicalFile.cs File\VirtualFile.cs HardCode\HardTableData.cs HtmlPage.cs IReadConfig.cs JScript.cs Mail\MailCommon_V2.cs Mail\EmailAttachment.cs Mail\MailHelper.cs Mail\MailHelper_V2.cs Properties\AssemblyInfo.cs StringHelper.cs CommonHelper.cs DateTime\TimeZoneUtil.cs Validation\CommonValidate.cs Validation\Validator.cs Xml\XmlCOM.cs Xml\XmlDatasetConvert.cs
D:\workspaces\KernelClass2008\DB\DALHelper.cs(51,29): error CS0103: The name 'ProviderType' does not exist in the current context
D:\workspaces\KernelClass2008\DB\dtHelper.cs(141,30): warning CS0168: The variable 'ex' is declared but never used
D:\workspaces\KernelClass2008\Mail\MailHelper.cs(56,13): warning CS0618: 'System.Web.Mail.MailMessage' is obsolete: 'The recommended alternative is System.Net.Mail.MailMessage. http://go.microsoft.com/fwlink/?linkid=14202'
D:\workspaces\KernelClass2008\Mail\MailHelper.cs(56,40): warning CS0618: 'System.Web.Mail.MailMessage' is obsolete: 'The recommended alternative is System.Net.Mail.MailMessage. http://go.microsoft.com/fwlink/?linkid=14202'
D:\workspaces\KernelClass2008\Mail\MailHelper.cs(61,35): warning CS0618: 'System.Web.Mail.MailFormat' is obsolete: 'The recommended alternative is System.Net.Mail.MailMessage.IsBodyHtml. http://go.microsoft.com/fwlink/?linkid=14202'
D:\workspaces\KernelClass2008\Mail\MailHelper.cs(76,17): warning CS0618: 'System.Web.Mail.MailAttachment' is obsolete: 'The recommended alternative is System.Net.Mail.Attachment. http://go.microsoft.com/fwlink/?linkid=14202'
D:\workspaces\KernelClass2008\Mail\MailHelper.cs(82,38): warning CS0618: 'System.Web.Mail.MailAttachment' is obsolete: 'The recommended alternative is System.Net.Mail.Attachment. http://go.microsoft.com/fwlink/?linkid=14202'
D:\workspaces\KernelClass2008\Mail\MailHelper.cs(96,13): warning CS0618: 'System.Web.Mail.SmtpMail' is obsolete: 'The recommended alternative is System.Net.Mail.SmtpClient. http://go.microsoft.com/fwlink/?linkid=14202'
D:\workspaces\KernelClass2008\Mail\MailHelper.cs(115,13): warning CS0618: 'System.Web.Mail.MailMessage' is obsolete: 'The recommended alternative is System.Net.Mail.MailMessage. http://go.microsoft.com/fwlink/?linkid=14202'
D:\workspaces\KernelClass2008\Mail\MailHelper.cs(115,40): warning CS0618: 'System.Web.Mail.MailMessage' is obsolete: 'The recommended alternative is System.Net.Mail.MailMessage. http://go.microsoft.com/fwlink/?linkid=14202'
D:\workspaces\KernelClass2008\Mail\MailHelper.cs(120,35): warning CS0618: 'System.Web.Mail.MailFormat' is obsolete: 'The recommended alternative is System.Net.Mail.MailMessage.IsBodyHtml. http://go.microsoft.com/fwlink/?linkid=14202'
D:\workspaces\KernelClass2008\Mail\MailHelper.cs(140,17): warning CS0618: 'System.Web.Mail.MailAttachment' is obsolete: 'The recommended alternative is System.Net.Mail.Attachment. http://go.microsoft.com/fwlink/?linkid=14202'
D:\workspaces\KernelClass2008\Mail\MailHelper.cs(146,38): warning CS0618: 'System.Web.Mail.MailAttachment' is obsolete: 'The recommended alternative is System.Net.Mail.Attachment. http://go.microsoft.com/fwlink/?linkid=14202'
D:\workspaces\KernelClass2008\Mail\MailHelper.cs(168,13): warning CS0618: 'System.Web.Mail.SmtpMail' is obsolete: 'The recommended alternative is System.Net.Mail.SmtpClient. http://go.microsoft.com/fwlink/?linkid=14202'

Compile complete -- 1 errors, 13 warnings
========== Rebuild All: 0 succeeded, 1 failed, 0 skipped ==========

------ Clean started: Project: KernelClass2008, Configuration: Debug Any CPU ------
========== Clean: 1 succeeded, 0 failed, 0 skipped ==========

------ Rebuild All started: Project: KernelClass2008, Configuration: Debug Any CPU ------
C:\Windows\Microsoft.NET\Framework\v3.5\Csc.exe /noconfig /nowarn:1701,1702 /errorreport:prompt /warn:4 /define:DEBUG;TRACE /reference:C:\Windows\Microsoft.NET\Framework\v2.0.50727\System.configuration.dll /reference:"C:\Program Files (x86)\Reference Assemblies\Microsoft\Framework\v3.5\System.Core.dll" /reference:"C:\Program Files (x86)\Reference Assemblies\Microsoft\Framework\v3.5\System.Data.DataSetExtensions.dll" /reference:C:\Windows\Microsoft.NET\Framework\v2.0.50727\System.Data.dll /reference:C:\Windows\Microsoft.NET\Framework\v2.0.50727\System.dll /reference:"C:\Program Files (x86)\Reference Assemblies\Microsoft\Framework\v3.5\System.Net.dll" /reference:"C:\Program Files (x86)\Reference Assemblies\Microsoft\Framework\v3.0\System.Runtime.Serialization.dll" /reference:C:\Windows\Microsoft.NET\Framework\v2.0.50727\System.Web.dll /reference:C:\Windows\Microsoft.NET\Framework\v2.0.50727\System.XML.dll /debug+ /debug:full /filealign:512 /optimize- /out:obj\Debug\KernelClass2008.dll /target:library ChineseSpell.cs Cookie.cs DB\CSVHelper.cs DateTime\DateTimeUtil.cs DB\DALHelper.cs DB\DbSqlHelper.cs DB\dtHelper.cs DB\ExcelDatabase.cs DB\SqlHelp.cs DB\SqlHelper.cs Encrypt\Encrypter.cs Encrypt\MD5.cs Enum\StringEnum.cs File\File.cs File\PhysicalFile.cs File\VirtualFile.cs HardCode\HardTableData.cs HtmlPage.cs IReadConfig.cs JScript.cs Mail\MailCommon_V2.cs Mail\EmailAttachment.cs Mail\MailHelper.cs Mail\MailHelper_V2.cs Properties\AssemblyInfo.cs StringHelper.cs CommonHelper.cs DateTime\TimeZoneUtil.cs Validation\CommonValidate.cs Validation\Validator.cs Xml\XmlCOM.cs Xml\XmlDatasetConvert.cs
D:\workspaces\KernelClass2008\DB\DALHelper.cs(51,42): error CS1026: ) expected
D:\workspaces\KernelClass2008\DB\dtHelper.cs(141,30): warning CS0168: The variable 'ex' is declared but never used
D:\workspaces\KernelClass2008\Mail\MailHelper.cs(56,13): warning CS0618: 'System.Web.Mail.MailMessage' is obsolete: 'The recommended alternative is System.Net.Mail.MailMessage. http://go.microsoft.com/fwlink/?linkid=14202'
D:\workspaces\KernelClass2008\Mail\MailHelper.cs(56,40): warning CS0618: 'System.Web.Mail.MailMessage' is obsolete: 'The recommended alternative is System.Net.Mail.MailMessage. http://go.microsoft.com/fwlink/?linkid=14202'
D:\workspaces\KernelClass2008\Mail\MailHelper.cs(61,35): warning CS0618: 'System.Web.Mail.MailFormat' is obsolete: 'The recommended alternative is System.Net.Mail.MailMessage.IsBodyHtml. http://go.microsoft.com/fwlink/?linkid=14202'
D:\workspaces\KernelClass2008\Mail\MailHelper.cs(76,17): warning CS0618: 'System.Web.Mail.MailAttachment' is obsolete: 'The recommended alternative is System.Net.Mail.Attachment. http://go.microsoft.com/fwlink/?linkid=14202'
D:\workspaces\KernelClass2008\Mail\MailHelper.cs(82,38): warning CS0618: 'System.Web.Mail.MailAttachment' is obsolete: 'The recommended alternative is System.Net.Mail.Attachment. http://go.microsoft.com/fwlink/?linkid=14202'
D:\workspaces\KernelClass2008\Mail\MailHelper.cs(96,13): warning CS0618: 'System.Web.Mail.SmtpMail' is obsolete: 'The recommended alternative is System.Net.Mail.SmtpClient. http://go.microsoft.com/fwlink/?linkid=14202'
D:\workspaces\KernelClass2008\Mail\MailHelper.cs(115,13): warning CS0618: 'System.Web.Mail.MailMessage' is obsolete: 'The recommended alternative is System.Net.Mail.MailMessage. http://go.microsoft.com/fwlink/?linkid=14202'
D:\workspaces\KernelClass2008\Mail\MailHelper.cs(115,40): warning CS0618: 'System.Web.Mail.MailMessage' is obsolete: 'The recommended alternative is System.Net.Mail.MailMessage. http://go.microsoft.com/fwlink/?linkid=14202'
D:\workspaces\KernelClass2008\Mail\MailHelper.cs(120,35): warning CS0618: 'System.Web.Mail.MailFormat' is obsolete: 'The recommended alternative is System.Net.Mail.MailMessage.IsBodyHtml. http://go.microsoft.com/fwlink/?linkid=14202'
D:\workspaces\KernelClass2008\Mail\MailHelper.cs(140,17): warning CS0618: 'System.Web.Mail.MailAttachment' is obsolete: 'The recommended alternative is System.Net.Mail.Attachment. http://go.microsoft.com/fwlink/?linkid=14202'
D:\workspaces\KernelClass2008\Mail\MailHelper.cs(146,38): warning CS0618: 'System.Web.Mail.MailAttachment' is obsolete: 'The recommended alternative is System.Net.Mail.Attachment. http://go.microsoft.com/fwlink/?linkid=14202'
D:\workspaces\KernelClass2008\Mail\MailHelper.cs(168,13): warning CS0618: 'System.Web.Mail.SmtpMail' is obsolete: 'The recommended alternative is System.Net.Mail.SmtpClient. http://go.microsoft.com/fwlink/?linkid=14202'

Compile complete -- 1 errors, 13 warnings
========== Rebuild All: 0 succeeded, 1 failed, 0 skipped ==========

------ Clean started: Project: KernelClass2008, Configuration: Debug Any CPU ------
========== Clean: 1 succeeded, 0 failed, 0 skipped ==========

------ Rebuild All started: Project: KernelClass2008, Configuration: Debug Any CPU ------
C:\Windows\Microsoft.NET\Framework\v3.5\Csc.exe /noconfig /nowarn:1701,1702 /errorreport:prompt /warn:4 /define:DEBUG;TRACE /reference:C:\Windows\Microsoft.NET\Framework\v2.0.50727\System.configuration.dll /reference:"C:\Program Files (x86)\Reference Assemblies\Microsoft\Framework\v3.5\System.Core.dll" /reference:"C:\Program Files (x86)\Reference Assemblies\Microsoft\Framework\v3.5\System.Data.DataSetExtensions.dll" /reference:C:\Windows\Microsoft.NET\Framework\v2.0.50727\System.Data.dll /reference:C:\Windows\Microsoft.NET\Framework\v2.0.50727\System.dll /reference:"C:\Program Files (x86)\Reference Assemblies\Microsoft\Framework\v3.5\System.Net.dll" /reference:"C:\Program Files (x86)\Reference Assemblies\Microsoft\Framework\v3.0\System.Runtime.Serialization.dll" /reference:C:\Windows\Microsoft.NET\Framework\v2.0.50727\System.Web.dll /reference:C:\Windows\Microsoft.NET\Framework\v2.0.50727\System.XML.dll /debug+ /debug:full /filealign:512 /optimize- /out:obj\Debug\KernelClass2008.dll /target:library ChineseSpell.cs Cookie.cs DB\CSVHelper.cs DateTime\DateTimeUtil.cs DB\DALHelper.cs DB\DbSqlHelper.cs DB\dtHelper.cs DB\ExcelDatabase.cs DB\SqlHelp.cs DB\SqlHelper.cs Encrypt\Encrypter.cs Encrypt\MD5.cs Enum\StringEnum.cs File\File.cs File\PhysicalFile.cs File\VirtualFile.cs HardCode\HardTableData.cs HtmlPage.cs IReadConfig.cs JScript.cs Mail\MailCommon_V2.cs Mail\EmailAttachment.cs Mail\MailHelper.cs Mail\MailHelper_V2.cs Properties\AssemblyInfo.cs StringHelper.cs CommonHelper.cs DateTime\TimeZoneUtil.cs Validation\CommonValidate.cs Validation\Validator.cs Xml\XmlCOM.cs Xml\XmlDatasetConvert.cs
D:\workspaces\KernelClass2008\DB\dtHelper.cs(141,30): warning CS0168: The variable 'ex' is declared but never used
D:\workspaces\KernelClass2008\Mail\MailHelper.cs(56,13): warning CS0618: 'System.Web.Mail.MailMessage' is obsolete: 'The recommended alternative is System.Net.Mail.MailMessage. http://go.microsoft.com/fwlink/?linkid=14202'
D:\workspaces\KernelClass2008\Mail\MailHelper.cs(56,40): warning CS0618: 'System.Web.Mail.MailMessage' is obsolete: 'The recommended alternative is System.Net.Mail.MailMessage. http://go.microsoft.com/fwlink/?linkid=14202'
D:\workspaces\KernelClass2008\Mail\MailHelper.cs(61,35): warning CS0618: 'System.Web.Mail.MailFormat' is obsolete: 'The recommended alternative is System.Net.Mail.MailMessage.IsBodyHtml. http://go.microsoft.com/fwlink/?linkid=14202'
D:\workspaces\KernelClass2008\Mail\MailHelper.cs(76,17): warning CS0618: 'System.Web.Mail.MailAttachment' is obsolete: 'The recommended alternative is System.Net.Mail.Attachment. http://go.microsoft.com/fwlink/?linkid=14202'
D:\workspaces\KernelClass2008\Mail\MailHelper.cs(82,38): warning CS0618: 'System.Web.Mail.MailAttachment' is obsolete: 'The recommended alternative is System.Net.Mail.Attachment. http://go.microsoft.com/fwlink/?linkid=14202'
D:\workspaces\KernelClass2008\Mail\MailHelper.cs(96,13): warning CS0618: 'System.Web.Mail.SmtpMail' is obsolete: 'The recommended alternative is System.Net.Mail.SmtpClient. http://go.microsoft.com/fwlink/?linkid=14202'
D:\workspaces\KernelClass2008\Mail\MailHelper.cs(115,13): warning CS0618: 'System.Web.Mail.MailMessage' is obsolete: 'The recommended alternative is System.Net.Mail.MailMessage. http://go.microsoft.com/fwlink/?linkid=14202'
D:\workspaces\KernelClass2008\Mail\MailHelper.cs(115,40): warning CS0618: 'System.Web.Mail.MailMessage' is obsolete: 'The recommended alternative is System.Net.Mail.MailMessage. http://go.microsoft.com/fwlink/?linkid=14202'
D:\workspaces\KernelClass2008\Mail\MailHelper.cs(120,35): warning CS0618: 'System.Web.Mail.MailFormat' is obsolete: 'The recommended alternative is System.Net.Mail.MailMessage.IsBodyHtml. http://go.microsoft.com/fwlink/?linkid=14202'
D:\workspaces\KernelClass2008\Mail\MailHelper.cs(140,17): warning CS0618: 'System.Web.Mail.MailAttachment' is obsolete: 'The recommended alternative is System.Net.Mail.Attachment. http://go.microsoft.com/fwlink/?linkid=14202'
D:\workspaces\KernelClass2008\Mail\MailHelper.cs(146,38): warning CS0618: 'System.Web.Mail.MailAttachment' is obsolete: 'The recommended alternative is System.Net.Mail.Attachment. http://go.microsoft.com/fwlink/?linkid=14202'
D:\workspaces\KernelClass2008\Mail\MailHelper.cs(168,13): warning CS0618: 'System.Web.Mail.SmtpMail' is obsolete: 'The recommended alternative is System.Net.Mail.SmtpClient. http://go.microsoft.com/fwlink/?linkid=14202'

Compile complete -- 0 errors, 13 warnings
KernelClass2008 -> D:\workspaces\KernelClass2008\bin\Debug\KernelClass2008.dll
========== Rebuild All: 1 succeeded, 0 failed, 0 skipped ==========

------ Clean started: Project: KernelClass2008, Configuration: Debug Any CPU ------
========== Clean: 1 succeeded, 0 failed, 0 skipped ==========

------ Rebuild All started: Project: KernelClass2008, Configuration: Debug Any CPU ------
C:\Windows\Microsoft.NET\Framework\v3.5\Csc.exe /noconfig /nowarn:1701,1702 /errorreport:prompt /warn:4 /define:DEBUG;TRACE /reference:C:\Windows\Microsoft.NET\Framework\v2.0.50727\System.configuration.dll /reference:"C:\Program Files (x86)\Reference Assemblies\Microsoft\Framework\v3.5\System.Core.dll" /reference:"C:\Program Files (x86)\Reference Assemblies\Microsoft\Framework\v3.5\System.Data.DataSetExtensions.dll" /reference:C:\Windows\Microsoft.NET\Framework\v2.0.50727\System.Data.dll /reference:C:\Windows\Microsoft.NET\Framework\v2.0.50727\System.dll /reference:"C:\Program Files (x86)\Reference Assemblies\Microsoft\Framework\v3.5\System.Net.dll" /reference:"C:\Program Files (x86)\Reference Assemblies\Microsoft\Framework\v3.0\System.Runtime.Serialization.dll" /reference:C:\Windows\Microsoft.NET\Framework\v2.0.50727\System.Web.dll /reference:C:\Windows\Microsoft.NET\Framework\v2.0.50727\System.XML.dll /debug+ /debug:full /filealign:512 /optimize- /out:obj\Debug\KernelClass2008.dll /target:library ChineseSpell.cs Cookie.cs DB\CSVHelper.cs DateTime\DateTimeUtil.cs DB\DALHelper.cs DB\DbSqlHelper.cs DB\dtHelper.cs DB\ExcelDatabase.cs DB\SqlHelp.cs DB\SqlHelper.cs Encrypt\Encrypter.cs Encrypt\MD5.cs Enum\StringEnum.cs File\File.cs File\PhysicalFile.cs File\VirtualFile.cs HardCode\HardTableData.cs HtmlPage.cs IReadConfig.cs JScript.cs Mail\MailCommon_V2.cs Mail\EmailAttachment.cs Mail\MailHelper.cs Mail\MailHelper_V2.cs Properties\AssemblyInfo.cs StringHelper.cs CommonHelper.cs DateTime\TimeZoneUtil.cs Validation\CommonValidate.cs Validation\Validator.cs Xml\XmlCOM.cs Xml\XmlDatasetConvert.cs
D:\workspaces\KernelClass2008\DB\DALHelper.cs(207,49): error CS0103: The name 'GetDataFactory' does not exist in the current context
D:\workspaces\KernelClass2008\DB\dtHelper.cs(141,30): warning CS0168: The variable 'ex' is declared but never used
D:\workspaces\KernelClass2008\Mail\MailHelper.cs(56,13): warning CS0618: 'System.Web.Mail.MailMessage' is obsolete: 'The recommended alternative is System.Net.Mail.MailMessage. http://go.microsoft.com/fwlink/?linkid=14202'
D:\workspaces\KernelClass2008\Mail\MailHelper.cs(56,40): warning CS0618: 'System.Web.Mail.MailMessage' is obsolete: 'The recommended alternative is System.Net.Mail.MailMessage. http://go.microsoft.com/fwlink/?linkid=14202'
D:\workspaces\KernelClass2008\Mail\MailHelper.cs(61,35): warning CS0618: 'System.Web.Mail.MailFormat' is obsolete: 'The recommended alternative is System.Net.Mail.MailMessage.IsBodyHtml. http://go.microsoft.com/fwlink/?linkid=14202'
D:\workspaces\KernelClass2008\Mail\MailHelper.cs(76,17): warning CS0618: 'System.Web.Mail.MailAttachment' is obsolete: 'The recommended alternative is System.Net.Mail.Attachment. http://go.microsoft.com/fwlink/?linkid=14202'
D:\workspaces\KernelClass2008\Mail\MailHelper.cs(82,38): warning CS0618: 'System.Web.Mail.MailAttachment' is obsolete: 'The recommended alternative is System.Net.Mail.Attachment. http://go.microsoft.com/fwlink/?linkid=14202'
D:\workspaces\KernelClass2008\Mail\MailHelper.cs(96,13): warning CS0618: 'System.Web.Mail.SmtpMail' is obsolete: 'The recommended alternative is System.Net.Mail.SmtpClient. http://go.microsoft.com/fwlink/?linkid=14202'
D:\workspaces\KernelClass2008\Mail\MailHelper.cs(115,13): warning CS0618: 'System.Web.Mail.MailMessage' is obsolete: 'The recommended alternative is System.Net.Mail.MailMessage. http://go.microsoft.com/fwlink/?linkid=14202'
D:\workspaces\KernelClass2008\Mail\MailHelper.cs(115,40): warning CS0618: 'System.Web.Mail.MailMessage' is obsolete: 'The recommended alternative is System.Net.Mail.MailMessage. http://go.microsoft.com/fwlink/?linkid=14202'
D:\workspaces\KernelClass2008\Mail\MailHelper.cs(120,35): warning CS0618: 'System.Web.Mail.MailFormat' is obsolete: 'The recommended alternative is System.Net.Mail.MailMessage.IsBodyHtml. http://go.microsoft.com/fwlink/?linkid=14202'
D:\workspaces\KernelClass2008\Mail\MailHelper.cs(140,17): warning CS0618: 'System.Web.Mail.MailAttachment' is obsolete: 'The recommended alternative is System.Net.Mail.Attachment. http://go.microsoft.com/fwlink/?linkid=14202'
D:\workspaces\KernelClass2008\Mail\MailHelper.cs(146,38): warning CS0618: 'System.Web.Mail.MailAttachment' is obsolete: 'The recommended alternative is System.Net.Mail.Attachment. http://go.microsoft.com/fwlink/?linkid=14202'
D:\workspaces\KernelClass2008\Mail\MailHelper.cs(168,13): warning CS0618: 'System.Web.Mail.SmtpMail' is obsolete: 'The recommended alternative is System.Net.Mail.SmtpClient. http://go.microsoft.com/fwlink/?linkid=14202'

Compile complete -- 1 errors, 13 warnings
========== Rebuild All: 0 succeeded, 1 failed, 0 skipped ==========

------ Clean started: Project: KernelClass2008, Configuration: Debug Any CPU ------
========== Clean: 1 succeeded, 0 failed, 0 skipped ==========

------ Rebuild All started: Project: KernelClass2008, Configuration: Debug Any CPU ------
C:\Windows\Microsoft.NET\Framework\v3.5\Csc.exe /noconfig /nowarn:1701,1702 /errorreport:prompt /warn:4 /define:DEBUG;TRACE /reference:C:\Windows\Microsoft.NET\Framework\v2.0.50727\System.configuration.dll /reference:"C:\Program Files (x86)\Reference Assemblies\Microsoft\Framework\v3.5\System.Core.dll" /reference:"C:\Program Files (x86)\Reference Assemblies\Microsoft\Framework\v3.5\System.Data.DataSetExtensions.dll" /reference:C:\Windows\Microsoft.NET\Framework\v2.0.50727\System.Data.dll /reference:C:\Windows\Microsoft.NET\Framework\v2.0.50727\System.dll /reference:"C:\Program Files (x86)\Reference Assemblies\Microsoft\Framework\v3.5\System.Net.dll" /reference:"C:\Program Files (x86)\Reference Assemblies\Microsoft\Framework\v3.0\System.Runtime.Serialization.dll" /reference:C:\Windows\Microsoft.NET\Framework\v2.0.50727\System.Web.dll /reference:C:\Windows\Microsoft.NET\Framework\v2.0.50727\System.XML.dll /debug+ /debug:full /filealign:512 /optimize- /out:obj\Debug\KernelClass2008.dll /target:library ChineseSpell.cs Cookie.cs DB\CSVHelper.cs DateTime\DateTimeUtil.cs DB\DALHelper.cs DB\DbSqlHelper.cs DB\dtHelper.cs DB\ExcelDatabase.cs DB\SqlHelp.cs DB\SqlHelper.cs Encrypt\Encrypter.cs Encrypt\MD5.cs Enum\StringEnum.cs File\File.cs File\PhysicalFile.cs File\VirtualFile.cs HardCode\HardTableData.cs HtmlPage.cs IReadConfig.cs JScript.cs Mail\MailCommon_V2.cs Mail\EmailAttachment.cs Mail\MailHelper.cs Mail\MailHelper_V2.cs Properties\AssemblyInfo.cs StringHelper.cs CommonHelper.cs DateTime\TimeZoneUtil.cs Validation\CommonValidate.cs Validation\Validator.cs Xml\XmlCOM.cs Xml\XmlDatasetConvert.cs
D:\workspaces\KernelClass2008\DB\dtHelper.cs(141,30): warning CS0168: The variable 'ex' is declared but never used
D:\workspaces\KernelClass2008\Mail\MailHelper.cs(56,13): warning CS0618: 'System.Web.Mail.MailMessage' is obsolete: 'The recommended alternative is System.Net.Mail.MailMessage. http://go.microsoft.com/fwlink/?linkid=14202'
D:\workspaces\KernelClass2008\Mail\MailHelper.cs(56,40): warning CS0618: 'System.Web.Mail.MailMessage' is obsolete: 'The recommended alternative is System.Net.Mail.MailMessage. http://go.microsoft.com/fwlink/?linkid=14202'
D:\workspaces\KernelClass2008\Mail\MailHelper.cs(61,35): warning CS0618: 'System.Web.Mail.MailFormat' is obsolete: 'The recommended alternative is System.Net.Mail.MailMessage.IsBodyHtml. http://go.microsoft.com/fwlink/?linkid=14202'
D:\workspaces\KernelClass2008\Mail\MailHelper.cs(76,17): warning CS0618: 'System.Web.Mail.MailAttachment' is obsolete: 'The recommended alternative is System.Net.Mail.Attachment. http://go.microsoft.com/fwlink/?linkid=14202'
D:\workspaces\KernelClass2008\Mail\MailHelper.cs(82,38): warning CS0618: 'System.Web.Mail.MailAttachment' is obsolete: 'The recommended alternative is System.Net.Mail.Attachment. http://go.microsoft.com/fwlink/?linkid=14202'
D:\workspaces\KernelClass2008\Mail\MailHelper.cs(96,13): warning CS0618: 'System.Web.Mail.SmtpMail' is obsolete: 'The recommended alternative is System.Net.Mail.SmtpClient. http://go.microsoft.com/fwlink/?linkid=14202'
D:\workspaces\KernelClass2008\Mail\MailHelper.cs(115,13): warning CS0618: 'System.Web.Mail.MailMessage' is obsolete: 'The recommended alternative is System.Net.Mail.MailMessage. http://go.microsoft.com/fwlink/?linkid=14202'
D:\workspaces\KernelClass2008\Mail\MailHelper.cs(115,40): warning CS0618: 'System.Web.Mail.MailMessage' is obsolete: 'The recommended alternative is System.Net.Mail.MailMessage. http://go.microsoft.com/fwlink/?linkid=14202'
D:\workspaces\KernelClass2008\Mail\MailHelper.cs(120,35): warning CS0618: 'System.Web.Mail.MailFormat' is obsolete: 'The recommended alternative is System.Net.Mail.MailMessage.IsBodyHtml. http://go.microsoft.com/fwlink/?linkid=14202'
D:\workspaces\KernelClass2008\Mail\MailHelper.cs(140,17): warning CS0618: 'System.Web.Mail.MailAttachment' is obsolete: 'The recommended alternative is System.Net.Mail.Attachment. http://go.microsoft.com/fwlink/?linkid=14202'
D:\workspaces\KernelClass2008\Mail\MailHelper.cs(146,38): warning CS0618: 'System.Web.Mail.MailAttachment' is obsolete: 'The recommended alternative is System.Net.Mail.Attachment. http://go.microsoft.com/fwlink/?linkid=14202'
D:\workspaces\KernelClass2008\Mail\MailHelper.cs(168,13): warning CS0618: 'System.Web.Mail.SmtpMail' is obsolete: 'The recommended alternative is System.Net.Mail.SmtpClient. http://go.microsoft.com/fwlink/?linkid=14202'

Compile complete -- 0 errors, 13 warnings
KernelClass2008 -> D:\workspaces\KernelClass2008\bin\Debug\KernelClass2008.dll
========== Rebuild All: 1 succeeded, 0 failed, 0 skipped ==========

------ Clean started: Project: KernelClass2008, Configuration: Debug Any CPU ------
========== Clean: 1 succeeded, 0 failed, 0 skipped ==========

------ Rebuild All started: Project: KernelClass2008, Configuration: Debug Any CPU ------
C:\Windows\Microsoft.NET\Framework\v3.5\Csc.exe /noconfig /nowarn:1701,1702 /errorreport:prompt /warn:4 /define:DEBUG;TRACE /reference:C:\Windows\Microsoft.NET\Framework\v2.0.50727\System.configuration.dll /reference:"C:\Program Files (x86)\Reference Assemblies\Microsoft\Framework\v3.5\System.Core.dll" /reference:"C:\Program Files (x86)\Reference Assemblies\Microsoft\Framework\v3.5\System.Data.DataSetExtensions.dll" /reference:C:\Windows\Microsoft.NET\Framework\v2.0.50727\System.Data.dll /reference:C:\Windows\Microsoft.NET\Framework\v2.0.50727\System.dll /reference:"C:\Program Files (x86)\Reference Assemblies\Microsoft\Framework\v3.5\System.Net.dll" /reference:"C:\Program Files (x86)\Reference Assemblies\Microsoft\Framework\v3.0\System.Runtime.Serialization.dll" /reference:C:\Windows\Microsoft.NET\Framework\v2.0.50727\System.Web.dll /reference:C:\Windows\Microsoft.NET\Framework\v2.0.50727\System.XML.dll /debug+ /debug:full /filealign:512 /optimize- /out:obj\Debug\KernelClass2008.dll /target:library ChineseSpell.cs Cookie.cs DB\CSVHelper.cs DateTime\DateTimeUtil.cs DB\DALHelper.cs DB\DbSqlHelper.cs DB\dtHelper.cs DB\ExcelDatabase.cs DB\SqlHelp.cs DB\SqlHelper.cs Encrypt\Encrypter.cs Encrypt\MD5.cs Enum\StringEnum.cs File\File.cs File\PhysicalFile.cs File\VirtualFile.cs HardCode\HardTableData.cs HtmlPage.cs IReadConfig.cs JScript.cs Mail\MailCommon_V2.cs Mail\EmailAttachment.cs Mail\MailHelper.cs Mail\MailHelper_V2.cs Properties\AssemblyInfo.cs StringHelper.cs CommonHelper.cs DateTime\TimeZoneUtil.cs Validation\CommonValidate.cs Validation\Validator.cs Xml\XmlCOM.cs Xml\XmlDatasetConvert.cs
D:\workspaces\KernelClass2008\DB\dtHelper.cs(141,30): warning CS0168: The variable 'ex' is declared but never used
D:\workspaces\KernelClass2008\Mail\MailHelper.cs(56,13): warning CS0618: 'System.Web.Mail.MailMessage' is obsolete: 'The recommended alternative is System.Net.Mail.MailMessage. http://go.microsoft.com/fwlink/?linkid=14202'
D:\workspaces\KernelClass2008\Mail\MailHelper.cs(56,40): warning CS0618: 'System.Web.Mail.MailMessage' is obsolete: 'The recommended alternative is System.Net.Mail.MailMessage. http://go.microsoft.com/fwlink/?linkid=14202'
D:\workspaces\KernelClass2008\Mail\MailHelper.cs(61,35): warning CS0618: 'System.Web.Mail.MailFormat' is obsolete: 'The recommended alternative is System.Net.Mail.MailMessage.IsBodyHtml. http://go.microsoft.com/fwlink/?linkid=14202'
D:\workspaces\KernelClass2008\Mail\MailHelper.cs(76,17): warning CS0618: 'System.Web.Mail.MailAttachment' is obsolete: 'The recommended alternative is System.Net.Mail.Attachment. http://go.microsoft.com/fwlink/?linkid=14202'
D:\workspaces\KernelClass2008\Mail\MailHelper.cs(82,38): warning CS0618: 'System.Web.Mail.MailAttachment' is obsolete: 'The recommended alternative is System.Net.Mail.Attachment. http://go.microsoft.com/fwlink/?linkid=14202'
D:\workspaces\KernelClass2008\Mail\MailHelper.cs(96,13): warning CS0618: 'System.Web.Mail.SmtpMail' is obsolete: 'The recommended alternative is System.Net.Mail.SmtpClient. http://go.microsoft.com/fwlink/?linkid=14202'
D:\workspaces\KernelClass2008\Mail\MailHelper.cs(115,13): warning CS0618: 'System.Web.Mail.MailMessage' is obsolete: 'The recommended alternative is System.Net.Mail.MailMessage. http://go.microsoft.com/fwlink/?linkid=14202'
D:\workspaces\KernelClass2008\Mail\MailHelper.cs(115,40): warning CS0618: 'System.Web.Mail.MailMessage' is obsolete: 'The recommended alternative is System.Net.Mail.MailMessage. http://go.microsoft.com/fwlink/?linkid=14202'
D:\workspaces\KernelClass2008\Mail\MailHelper.cs(120,35): warning CS0618: 'System.Web.Mail.MailFormat' is obsolete: 'The recommended alternative is System.Net.Mail.MailMessage.IsBodyHtml. http://go.microsoft.com/fwlink/?linkid=14202'
D:\workspaces\KernelClass2008\Mail\MailHelper.cs(140,17): warning CS0618: 'System.Web.Mail.MailAttachment' is obsolete: 'The recommended alternative is System.Net.Mail.Attachment. http://go.microsoft.com/fwlink/?linkid=14202'
D:\workspaces\KernelClass2008\Mail\MailHelper.cs(146,38): warning CS0618: 'System.Web.Mail.MailAttachment' is obsolete: 'The recommended alternative is System.Net.Mail.Attachment. http://go.microsoft.com/fwlink/?linkid=14202'
D:\workspaces\KernelClass2008\Mail\MailHelper.cs(168,13): warning CS0618: 'System.Web.Mail.SmtpMail' is obsolete: 'The recommended alternative is System.Net.Mail.SmtpClient. http://go.microsoft.com/fwlink/?linkid=14202'

Compile complete -- 0 errors, 13 warnings
KernelClass2008 -> D:\workspaces\KernelClass2008\bin\Debug\KernelClass2008.dll
========== Rebuild All: 1 succeeded, 0 failed, 0 skipped ==========

------ Clean started: Project: KernelClass2008, Configuration: Debug Any CPU ------
========== Clean: 1 succeeded, 0 failed, 0 skipped ==========

------ Rebuild All started: Project: KernelClass2008, Configuration: Debug Any CPU ------
C:\Windows\Microsoft.NET\Framework\v3.5\Csc.exe /noconfig /nowarn:1701,1702 /errorreport:prompt /warn:4 /define:DEBUG;TRACE /reference:C:\Windows\Microsoft.NET\Framework\v2.0.50727\System.configuration.dll /reference:"C:\Program Files (x86)\Reference Assemblies\Microsoft\Framework\v3.5\System.Core.dll" /reference:"C:\Program Files (x86)\Reference Assemblies\Microsoft\Framework\v3.5\System.Data.DataSetExtensions.dll" /reference:C:\Windows\Microsoft.NET\Framework\v2.0.50727\System.Data.dll /reference:C:\Windows\Microsoft.NET\Framework\v2.0.50727\System.dll /reference:"C:\Program Files (x86)\Reference Assemblies\Microsoft\Framework\v3.5\System.Net.dll" /reference:"C:\Program Files (x86)\Reference Assemblies\Microsoft\Framework\v3.0\System.Runtime.Serialization.dll" /reference:C:\Windows\Microsoft.NET\Framework\v2.0.50727\System.Web.dll /reference:C:\Windows\Microsoft.NET\Framework\v2.0.50727\System.XML.dll /debug+ /debug:full /filealign:512 /optimize- /out:obj\Debug\KernelClass2008.dll /target:library ChineseSpell.cs Cookie.cs DB\CSVHelper.cs DateTime\DateTimeUtil.cs DB\DALHelper.cs DB\DbSqlHelper.cs DB\dtHelper.cs DB\ExcelDatabase.cs DB\SqlHelp.cs DB\SqlHelper.cs Encrypt\Encrypter.cs Encrypt\MD5.cs Enum\StringEnum.cs File\File.cs File\PhysicalFile.cs File\VirtualFile.cs HardCode\HardTableData.cs HtmlPage.cs IReadConfig.cs JScript.cs Mail\MailCommon_V2.cs Mail\EmailAttachment.cs Mail\MailHelper.cs Mail\MailHelper_V2.cs Properties\AssemblyInfo.cs StringHelper.cs CommonHelper.cs DateTime\TimeZoneUtil.cs Validation\CommonValidate.cs Validation\Validator.cs Xml\XmlCOM.cs Xml\XmlDatasetConvert.cs
D:\workspaces\KernelClass2008\DB\DALHelper.cs(252,13): error CS1524: Expected catch or finally
D:\workspaces\KernelClass2008\DB\dtHelper.cs(141,30): warning CS0168: The variable 'ex' is declared but never used
D:\workspaces\KernelClass2008\Mail\MailHelper.cs(56,13): warning CS0618: 'System.Web.Mail.MailMessage' is obsolete: 'The recommended alternative is System.Net.Mail.MailMessage. http://go.microsoft.com/fwlink/?linkid=14202'
D:\workspaces\KernelClass2008\Mail\MailHelper.cs(56,40): warning CS0618: 'System.Web.Mail.MailMessage' is obsolete: 'The recommended alternative is System.Net.Mail.MailMessage. http://go.microsoft.com/fwlink/?linkid=14202'
D:\workspaces\KernelClass2008\Mail\MailHelper.cs(61,35): warning CS0618: 'System.Web.Mail.MailFormat' is obsolete: 'The recommended alternative is System.Net.Mail.MailMessage.IsBodyHtml. http://go.microsoft.com/fwlink/?linkid=14202'
D:\workspaces\KernelClass2008\Mail\MailHelper.cs(76,17): warning CS0618: 'System.Web.Mail.MailAttachment' is obsolete: 'The recommended alternative is System.Net.Mail.Attachment. http://go.microsoft.com/fwlink/?linkid=14202'
D:\workspaces\KernelClass2008\Mail\MailHelper.cs(82,38): warning CS0618: 'System.Web.Mail.MailAttachment' is obsolete: 'The recommended alternative is System.Net.Mail.Attachment. http://go.microsoft.com/fwlink/?linkid=14202'
D:\workspaces\KernelClass2008\Mail\MailHelper.cs(96,13): warning CS0618: 'System.Web.Mail.SmtpMail' is obsolete: 'The recommended alternative is System.Net.Mail.SmtpClient. http://go.microsoft.com/fwlink/?linkid=14202'
D:\workspaces\KernelClass2008\Mail\MailHelper.cs(115,13): warning CS0618: 'System.Web.Mail.MailMessage' is obsolete: 'The recommended alternative is System.Net.Mail.MailMessage. http://go.microsoft.com/fwlink/?linkid=14202'
D:\workspaces\KernelClass2008\Mail\MailHelper.cs(115,40): warning CS0618: 'System.Web.Mail.MailMessage' is obsolete: 'The recommended alternative is System.Net.Mail.MailMessage. http://go.microsoft.com/fwlink/?linkid=14202'
D:\workspaces\KernelClass2008\Mail\MailHelper.cs(120,35): warning CS0618: 'System.Web.Mail.MailFormat' is obsolete: 'The recommended alternative is System.Net.Mail.MailMessage.IsBodyHtml. http://go.microsoft.com/fwlink/?linkid=14202'
D:\workspaces\KernelClass2008\Mail\MailHelper.cs(140,17): warning CS0618: 'System.Web.Mail.MailAttachment' is obsolete: 'The recommended alternative is System.Net.Mail.Attachment. http://go.microsoft.com/fwlink/?linkid=14202'
D:\workspaces\KernelClass2008\Mail\MailHelper.cs(146,38): warning CS0618: 'System.Web.Mail.MailAttachment' is obsolete: 'The recommended alternative is System.Net.Mail.Attachment. http://go.microsoft.com/fwlink/?linkid=14202'
D:\workspaces\KernelClass2008\Mail\MailHelper.cs(168,13): warning CS0618: 'System.Web.Mail.SmtpMail' is obsolete: 'The recommended alternative is System.Net.Mail.SmtpClient. http://go.microsoft.com/fwlink/?linkid=14202'

Compile complete -- 1 errors, 13 warnings
========== Rebuild All: 0 succeeded, 1 failed, 0 skipped ==========

------ Clean started: Project: KernelClass2008, Configuration: Debug Any CPU ------
========== Clean: 1 succeeded, 0 failed, 0 skipped ==========

------ Rebuild All started: Project: KernelClass2008, Configuration: Debug Any CPU ------
C:\Windows\Microsoft.NET\Framework\v3.5\Csc.exe /noconfig /nowarn:1701,1702 /errorreport:prompt /warn:4 /define:DEBUG;TRACE /reference:C:\Windows\Microsoft.NET\Framework\v2.0.50727\System.configuration.dll /reference:"C:\Program Files (x86)\Reference Assemblies\Microsoft\Framework\v3.5\System.Core.dll" /reference:"C:\Program Files (x86)\Reference Assemblies\Microsoft\Framework\v3.5\System.Data.DataSetExtensions.dll" /reference:C:\Windows\Microsoft.NET\Framework\v2.0.50727\System.Data.dll /reference:C:\Windows\Microsoft.NET\Framework\v2.0.50727\System.dll /reference:"C:\Program Files (x86)\Reference Assemblies\Microsoft\Framework\v3.5\System.Net.dll" /reference:"C:\Program Files (x86)\Reference Assemblies\Microsoft\Framework\v3.0\System.Runtime.Serialization.dll" /reference:C:\Windows\Microsoft.NET\Framework\v2.0.50727\System.Web.dll /reference:C:\Windows\Microsoft.NET\Framework\v2.0.50727\System.XML.dll /debug+ /debug:full /filealign:512 /optimize- /out:obj\Debug\KernelClass2008.dll /target:library ChineseSpell.cs Cookie.cs DB\CSVHelper.cs DateTime\DateTimeUtil.cs DB\DALHelper.cs DB\DbSqlHelper.cs DB\dtHelper.cs DB\ExcelDatabase.cs DB\SqlHelp.cs DB\SqlHelper.cs Encrypt\Encrypter.cs Encrypt\MD5.cs Enum\StringEnum.cs File\File.cs File\PhysicalFile.cs File\VirtualFile.cs HardCode\HardTableData.cs HtmlPage.cs IReadConfig.cs JScript.cs Mail\MailCommon_V2.cs Mail\EmailAttachment.cs Mail\MailHelper.cs Mail\MailHelper_V2.cs Properties\AssemblyInfo.cs StringHelper.cs CommonHelper.cs DateTime\TimeZoneUtil.cs Validation\CommonValidate.cs Validation\Validator.cs Xml\XmlCOM.cs Xml\XmlDatasetConvert.cs
D:\workspaces\KernelClass2008\DB\dtHelper.cs(141,30): warning CS0168: The variable 'ex' is declared but never used
D:\workspaces\KernelClass2008\Mail\MailHelper.cs(56,13): warning CS0618: 'System.Web.Mail.MailMessage' is obsolete: 'The recommended alternative is System.Net.Mail.MailMessage. http://go.microsoft.com/fwlink/?linkid=14202'
D:\workspaces\KernelClass2008\Mail\MailHelper.cs(56,40): warning CS0618: 'System.Web.Mail.MailMessage' is obsolete: 'The recommended alternative is System.Net.Mail.MailMessage. http://go.microsoft.com/fwlink/?linkid=14202'
D:\workspaces\KernelClass2008\Mail\MailHelper.cs(61,35): warning CS0618: 'System.Web.Mail.MailFormat' is obsolete: 'The recommended alternative is System.Net.Mail.MailMessage.IsBodyHtml. http://go.microsoft.com/fwlink/?linkid=14202'
D:\workspaces\KernelClass2008\Mail\MailHelper.cs(76,17): warning CS0618: 'System.Web.Mail.MailAttachment' is obsolete: 'The recommended alternative is System.Net.Mail.Attachment. http://go.microsoft.com/fwlink/?linkid=14202'
D:\workspaces\KernelClass2008\Mail\MailHelper.cs(82,38): warning CS0618: 'System.Web.Mail.MailAttachment' is obsolete: 'The recommended alternative is System.Net.Mail.Attachment. http://go.microsoft.com/fwlink/?linkid=14202'
D:\workspaces\KernelClass2008\Mail\MailHelper.cs(96,13): warning CS0618: 'System.Web.Mail.SmtpMail' is obsolete: 'The recommended alternative is System.Net.Mail.SmtpClient. http://go.microsoft.com/fwlink/?linkid=14202'
D:\workspaces\KernelClass2008\Mail\MailHelper.cs(115,13): warning CS0618: 'System.Web.Mail.MailMessage' is obsolete: 'The recommended alternative is System.Net.Mail.MailMessage. http://go.microsoft.com/fwlink/?linkid=14202'
D:\workspaces\KernelClass2008\Mail\MailHelper.cs(115,40): warning CS0618: 'System.Web.Mail.MailMessage' is obsolete: 'The recommended alternative is System.Net.Mail.MailMessage. http://go.microsoft.com/fwlink/?linkid=14202'
D:\workspaces\KernelClass2008\Mail\MailHelper.cs(120,35): warning CS0618: 'System.Web.Mail.MailFormat' is obsolete: 'The recommended alternative is System.Net.Mail.MailMessage.IsBodyHtml. http://go.microsoft.com/fwlink/?linkid=14202'
D:\workspaces\KernelClass2008\Mail\MailHelper.cs(140,17): warning CS0618: 'System.Web.Mail.MailAttachment' is obsolete: 'The recommended alternative is System.Net.Mail.Attachment. http://go.microsoft.com/fwlink/?linkid=14202'
D:\workspaces\KernelClass2008\Mail\MailHelper.cs(146,38): warning CS0618: 'System.Web.Mail.MailAttachment' is obsolete: 'The recommended alternative is System.Net.Mail.Attachment. http://go.microsoft.com/fwlink/?linkid=14202'
D:\workspaces\KernelClass2008\Mail\MailHelper.cs(168,13): warning CS0618: 'System.Web.Mail.SmtpMail' is obsolete: 'The recommended alternative is System.Net.Mail.SmtpClient. http://go.microsoft.com/fwlink/?linkid=14202'

Compile complete -- 0 errors, 13 warnings
KernelClass2008 -> D:\workspaces\KernelClass2008\bin\Debug\KernelClass2008.dll
========== Rebuild All: 1 succeeded, 0 failed, 0 skipped ==========

